1741791065602:hello
1741791086230:help
1741791095995:quit
1741791276291:hello Dan
1741791279170:hello
1741791281924:hello Cindi
1741871396546:help
1741872423029:joke
1741872822698:help
1741872828580:joke2
1741872831086:joke
1741873760724:stacktrace
1741874003005:help
1741874005987:hello
1741874153030:joke
1741874580246:help
1741874582456:hello
1741874786474:help
1741874789801:helloagain
1741874792847:hello
1741874876561:helloagain
1741875893605:help
1741875905309:register --name "John Doe" --email "johndoe@example.com"
1741886056248:help
1741886410495:hello
1741886418403:helloagain
1741889814251:help
1741889936047:get-all-users
1741889970304:get-all-users --userId 1
1741890271354:help
1741890274719:get-all-users
1741891283677:get-all-uesrs
1741891299540:get-all-users
1741891647531:get
1741892273737:get-user --userID 1
1741892332940:get-user --userID 20000
1741892491200:get-all-users
1741892832421:help
1741892835842:register
1741892842512:register --name cindi --email meh
1742018946840:help
1742018955470:get-user
1742018960869:get-user --userID 1
1742018982621:get-all-users
1742019102515:get-users
1742019105190:help
1742019108524:get-all-users
1742019170243:get-user --userID 1
1742019387978:get-all-users
1742241288302:help
1742241307840:get-feature --id 1
1742242133619:help
1742242142756:get-feature-statuses
1742242288333:get-feature --id 1
1742242426289:get-feature-statuses
1742242638794:get-feature-status-by-id --id 1
1742242643448:get-feature-status-by-id --4
1742242651936:get-feature-status-by-id --id 5
1742242857741:delete-feature-status-by-id --id 3
1742243704571:get-user-roles --id 1
1742243978840:help
1742243987160:get-user-roles --id 1
1742244117108:help
1742244124002:get-user-roles --id 1
1742323322780:login
1742325954659:help
1742325959910:login
1742332270996:stacktrace
1742332537093:login
1742333867328:logout
1742333869424:login
1742333898535:logout
1742334313194:llogin
1742334315453:login
1742365247919:help
<<<<<<< Updated upstream
1742371268283:login
1742373230915:help
1742373243961:get-priorities
1742373322706:help
1742373329201:get-priorities
1742373781039:help
1742373793536:create-priority
1742373835697:create-priority --description Low
1742374956888:help
1742374962892:get-priorities
1742375106215:get-all-users
1742375197658:get-priorities
1742375235929:create-priority --description High
1742375907915:help
1742375920239:get-priority-by-id --id 1
1742375959242:get-priority --id 1
1742375961542:help
1742375969591:get-priority-by-id --id 1
1742375979412:get-priority-by-id --id 6
1742376007169:get-priority-by-id --id 7
1742376754639:get-role-by-id --id 1
1742376800195:get-roles
1742376825452:get-role-by-id --id 1
1742376920285:help
1742377575342:get-all-users
1742377591858:help
1742377696334:get-user-roles --id 1
1742378683047:help
1742378707357:get-all-users
1742379161518:login
1742385299171:help
1742385317152:create-priority --description Medium
1742385365627:delete-priority --id 9
1742385380327:delete-priority --id 6
1742385401829:delete-priority --id 8
1742385409847:delete-priority --id 7
1742385784698:get-all-users
1742386204160:help
1742386545580:login
1742388696542:get-all-users
1742388787337:help
1742388799800:create user-role
1742388813787:create user-role --userId 1 --roleI 5
1742388822215:create user-role --userId 1 --roleId 5
1742388978990:help
1742389000992:get-user-roles --id 1
1742389085343:help
1742389113007:create user-role --roleId 1 --userId 1
1742389133536:create user-role --roleId 5 --userId 1
1742389225078:help
1742389238442:create-user-role --userId 1 --roleId 7
1742389528513:get-user-roles
1742389534676:get-user-roles --id 1
1742389669491:create-user-role
1742389677210:create-user-role --userId 1
1742389736150:get-user-roles --userId 1
1742389742941:get-user-roles --id 1
1742390446991:create-user-role --userID 1 --roleID 7
1742390927907:get-user-role --id 1
1742390930433:help
1742390935450:get-user-roles --id 1
1742391011878:create-user-role --userID 1 --roleID 7
1742391781809:create-user-role --userID 1 --roleID 8
1742392264105:create-user-role --userID 1 --roleID 9
1742392403463:get-all-users
1742392426403:help
1742392435372:get-user-roles --id 1
1742392444870:get-user-roles --userID 1
1742392450567:get-user-roles --id 1
1742392509952:create-user-role --userID 1 --roleID 8
1742394684303:get-feature-history --id 1
1742395045061:get-latest-feature-version --id 1
1742396684232:help
1742396689889:get-roles
1742396847276:create-role --roleName Senior Java Developer
1742396864528:create-role --description Senior Java Developer
1742396902666:delete-role --id 13
1742396918268:get-roles
1742396956992:delete-role --id 13
1742396973550:get-role-by-id --id 13
1742396980151:get-role-by-id --id 12
1742397011706:get-role-by-id --id 13
1742397018252:get-role-by-id --id 12
1742397429989:test
1742397438375:test --args a1,a2,a3,a4
=======
1742394761340:login
1742398645715:get-all-users
1742399402285:login
1742399417203:get-all-users
1742399782506:login
1742399795496:get-all-users
1742400179953:login
1742400194752:get-all-users
1742400366943:login
1742400390637:get-all-users
1742400496279:login
1742400507062:get-all-users
1742403949893:login
1742403963724:get-all-users
1742404130454:login
1742404146068:get-all-users
1742404218524:login
1742404239490:get-all-users
1742404427088:login
1742404439252:get-all-users
1742404577230:login
1742404589851:get-all-users
1742404651096:login
1742404662302:get-all-users
1742404715126:login
1742404728272:get-all-users
1742405215430:login
1742405226546:get-all-users
1742405714566:login
1742405727319:get-all-users
1742405835682:login
1742405849578:get-all-users
1742406084711:login
1742406096013:get-all-users
1742406152474:login
1742406163869:get-all-users
1742408635018:login
1742408880031:get-all-users
1742409501510:login
1742409514056:get-all-users
1742410484844:login
1742410496918:get-all-users
1742410644160:get-all-user
1742410652396:get-all-users
>>>>>>> Stashed changes
